<?xml version="1.0" encoding="UTF-8"?>
<!-- Generated by org.testng.reporters.JUnitReportReporter -->
<testsuite hostname="QA1082" failures="0" tests="3" name="com.ui.test.LogInPageTest" time="11.489" errors="0" timestamp="2025-08-02T23:50:20 IST" skipped="2">
  <testcase classname="com.ui.test.LogInPageTest" name="logInPageTest" time="11.489"/>
  <testcase classname="com.ui.test.LogInPageTest" name="logInPageCSVTest">
    <skipped/>
  </testcase> <!-- logInPageCSVTest -->
  <testcase classname="com.ui.test.LogInPageTest" name="logInPageExcelTest">
    <skipped/>
  </testcase> <!-- logInPageExcelTest -->
</testsuite> <!-- com.ui.test.LogInPageTest -->
